<?xml version="1.0" encoding="utf-8"?><testsuites name="pytest tests"><testsuite name="pytest" errors="0" failures="0" skipped="4" tests="166" time="39.308" timestamp="2026-05-20T20:54:02.235103+00:00" hostname="agent-env-9b8ca020-3cce-438d-bb45-05302a7de1ff"><testcase classname="tests.test_payment_replay.TestMpesaCallbackReplay" name="test_callback_accepts_canonical_paid_payload" time="0.157" /><testcase classname="tests.test_payment_replay.TestMpesaCallbackReplay" name="test_callback_accepts_failed_payload" time="0.118" /><testcase classname="tests.test_payment_replay.TestMpesaCallbackReplay" name="test_callback_handles_empty_metadata" time="0.115" /><testcase classname="tests.test_payment_replay.TestMpesaCallbackReplay" name="test_callback_handles_partial_metadata" time="0.137" /><testcase classname="tests.test_payment_replay.TestStripeStatusFlow" name="test_status_unknown_session_returns_404" time="0.475" /><testcase classname="tests.test_payment_replay.TestStripeStatusFlow" name="test_status_requires_known_session_id" time="0.465" /><testcase classname="tests.test_payment_replay.TestClaimGuestFlow" name="test_quick_start_returns_jwt_and_guest_user" time="0.114" /><testcase classname="tests.test_payment_replay.TestClaimGuestFlow" name="test_claim_guest_converts_to_real_email" time="0.801" /><testcase classname="tests.test_payment_replay.TestClaimGuestFlow" name="test_claim_guest_rejects_non_guest" time="0.463" /><testcase classname="tests.test_payment_replay.TestClaimGuestFlow" name="test_claim_guest_rejects_duplicate_email" time="0.600" /><testcase classname="tests.test_payment_replay.TestRefactorHelpersExist" name="test_mpesa_helpers_importable" time="0.222" /><testcase classname="tests.test_payment_replay.TestRefactorHelpersExist" name="test_stripe_helpers_importable" time="0.002" /><testcase classname="tests.test_payment_replay.TestRefactorHelpersExist" name="test_auth_helpers_importable" time="0.006" /><testcase classname="tests.test_payment_replay.TestRefactorHelpersExist" name="test_parse_stk_callback_pure_function" time="0.000" /><testcase classname="tests.test_iter16_sweep.TestFounderLogin" name="test_login_returns_token" time="0.350" /><testcase classname="tests.test_iter16_sweep.TestFounderIntegrations" name="test_list_integrations" time="0.088" /><testcase classname="tests.test_iter16_sweep.TestFounderIntegrations" name="test_save_resend_key" time="0.064" /><testcase classname="tests.test_iter16_sweep.TestFounderIntegrations" name="test_save_stripe_key" time="0.138" /><testcase classname="tests.test_iter16_sweep.TestFounderIntegrations" name="test_delete_resend_key" time="0.065" /><testcase classname="tests.test_iter16_sweep.TestFounderIntegrations" name="test_integration_test_endpoint[stripe]" time="0.086" /><testcase classname="tests.test_iter16_sweep.TestFounderIntegrations" name="test_integration_test_endpoint[resend]" time="0.074" /><testcase classname="tests.test_iter16_sweep.TestFounderIntegrations" name="test_integration_test_endpoint[twilio]" time="0.066" /><testcase classname="tests.test_iter16_sweep.TestFounderIntegrations" name="test_integration_test_endpoint[daraja]" time="0.065" /><testcase classname="tests.test_iter16_sweep.TestFounderOps" name="test_audit" time="0.086" /><testcase classname="tests.test_iter16_sweep.TestFounderOps" name="test_system_stats" time="0.067" /><testcase classname="tests.test_iter16_sweep.TestFounderOps" name="test_broadcast" time="0.082" /><testcase classname="tests.test_iter16_sweep.TestFounderOps" name="test_extend_trial" time="0.357" /><testcase classname="tests.test_iter16_sweep.TestFounderOps" name="test_grant_subscription" time="0.064" /><testcase classname="tests.test_iter16_sweep.TestHealthWatchdog" name="test_health_refresh" time="0.236" /><testcase classname="tests.test_iter16_sweep.TestHealthWatchdog" name="test_health_history" time="0.062" /><testcase classname="tests.test_iter16_sweep.TestStandard" name="test_plans" time="0.062" /><testcase classname="tests.test_iter16_sweep.TestStandard" name="test_fuel_prices" time="0.063" /><testcase classname="tests.test_iter16_sweep.TestStandard" name="test_unknown_receipt" time="0.072" /><testcase classname="tests.test_iter16_sweep.TestStandard" name="test_mpesa_mocked" time="0.066" /><testcase classname="tests.test_iter16_sweep.TestStandard" name="test_stripe_checkout" time="0.441" /><testcase classname="tests.test_iter16_sweep.TestSync" name="test_sync_each_collection[sales]" time="0.131" /><testcase classname="tests.test_iter16_sweep.TestSync" name="test_sync_each_collection[deliveries]" time="0.129" /><testcase classname="tests.test_iter16_sweep.TestSync" name="test_sync_each_collection[expenses]" time="0.138" /><testcase classname="tests.test_iter16_sweep.TestSync" name="test_sync_each_collection[inventory]" time="0.138" /><testcase classname="tests.test_iter16_sweep.TestSync" name="test_sync_each_collection[shifts]" time="0.066"><skipped type="pytest.skip" message="shifts not in allowed collections (got 400)">/app/backend/tests/test_iter16_sweep.py:208: shifts not in allowed collections (got 400)</skipped></testcase><testcase classname="tests.test_iter16_sweep.TestSync" name="test_sync_each_collection[invoices]" time="0.130" /><testcase classname="tests.test_iter16_sweep.TestSync" name="test_sync_each_collection[customers]" time="0.071"><skipped type="pytest.skip" message="customers not in allowed collections (got 400)">/app/backend/tests/test_iter16_sweep.py:208: customers not in allowed collections (got 400)</skipped></testcase><testcase classname="tests.test_iter16_sweep.TestSync" name="test_sync_each_collection[fuel_types]" time="0.070"><skipped type="pytest.skip" message="fuel_types not in allowed collections (got 400)">/app/backend/tests/test_iter16_sweep.py:208: fuel_types not in allowed collections (got 400)</skipped></testcase><testcase classname="tests.test_iter16_sweep.TestSync" name="test_user_data" time="0.130" /><testcase classname="tests.test_iter16_sweep.TestInvites" name="test_create_list_invite" time="0.205" /><testcase classname="tests.test_iter16_sweep.TestLoyalty" name="test_config" time="0.064" /><testcase classname="tests.test_iter16_sweep.TestLoyalty" name="test_stamp_redeem" time="0.066" /><testcase classname="tests.test_iter16_sweep.TestBulkImport" name="test_bulk_import[sales]" time="0.068" /><testcase classname="tests.test_iter16_sweep.TestBulkImport" name="test_bulk_import[deliveries]" time="0.069" /><testcase classname="tests.test_iter16_sweep.TestBulkImport" name="test_bulk_import[expenses]" time="0.068" /><testcase classname="tests.test_iter16_sweep.TestAI" name="test_ai_reconcile_cached" time="0.733" /><testcase classname="tests.test_iter16_sweep.TestFounderDeleteGuard" name="test_cannot_delete_last_owner" time="0.004"><skipped type="pytest.skip" message="need exactly 1 owner, have 460">/app/backend/tests/test_iter16_sweep.py:294: need exactly 1 owner, have 460</skipped></testcase><testcase classname="tests.test_iter17_features.TestOAuthProviders" name="test_oauth_providers_no_keys" time="0.577" /><testcase classname="tests.test_iter17_features.TestOAuthProviders" name="test_apple_signin_unconfigured" time="0.070" /><testcase classname="tests.test_iter17_features.TestOAuthProviders" name="test_microsoft_signin_unconfigured" time="0.066" /><testcase classname="tests.test_iter17_features.TestOAuthProviders" name="test_apple_bogus_token_after_config" time="0.333" /><testcase classname="tests.test_iter17_features.TestFounderIntegrationTests" name="test_apple_test_unset" time="0.137" /><testcase classname="tests.test_iter17_features.TestFounderIntegrationTests" name="test_apple_test_set" time="0.214" /><testcase classname="tests.test_iter17_features.TestFounderIntegrationTests" name="test_microsoft_test_flow" time="0.338" /><testcase classname="tests.test_iter17_features.TestFounderIntegrationTests" name="test_s3_test_unconfigured" time="0.073" /><testcase classname="tests.test_iter17_features.TestFounderIntegrationsCRUD" name="test_set_and_get_new_keys" time="0.611" /><testcase classname="tests.test_iter17_features.TestStorage" name="test_storage_config" time="0.355" /><testcase classname="tests.test_iter17_features.TestStorage" name="test_storage_presign_upload_unconfigured" time="0.065" /><testcase classname="tests.test_iter17_features.TestStorage" name="test_storage_list_empty" time="0.070" /><testcase classname="tests.test_iter17_features.TestWebSocket" name="test_ws_no_token_closes" time="0.325" /><testcase classname="tests.test_iter17_features.TestWebSocket" name="test_ws_hello_and_no_self_echo" time="2.230" /><testcase classname="tests.test_iter17_features.TestWebSocket" name="test_ws_two_sockets_fanout" time="0.537" /><testcase classname="tests.test_iter17_features.TestWebSocket" name="test_ws_sync_updated_on_post" time="0.253" /><testcase classname="tests.test_iter17_features.TestWebSocket" name="test_ws_founder_broadcast" time="0.358" /><testcase classname="tests.test_iter17_features.TestWsStats" name="test_ws_stats" time="0.069" /><testcase classname="tests.test_iter17_features.TestRegression" name="test_founder_login" time="0.291" /><testcase classname="tests.test_iter17_features.TestRegression" name="test_auth_register_login_me" time="0.645" /><testcase classname="tests.test_iter17_features.TestRegression" name="test_audit_log_endpoint" time="0.073" /><testcase classname="tests.test_iter17_features.TestRegression" name="test_subscription_endpoint" time="0.068" /><testcase classname="tests.test_iter17_features.TestRegression" name="test_fuel_prices" time="0.069" /><testcase classname="tests.test_iter17_features.TestRegression" name="test_digest_preview" time="0.069" /><testcase classname="tests.test_iter17_features.TestRegression" name="test_invites_list" time="0.074" /><testcase classname="tests.test_iter17_features.TestRegression" name="test_ai_reconcile" time="1.262" /><testcase classname="tests.test_iter18_features.TestPublicStatusAndHeaders" name="test_status_endpoint_public_no_auth" time="0.121" /><testcase classname="tests.test_iter18_features.TestPublicStatusAndHeaders" name="test_status_has_security_headers" time="0.071" /><testcase classname="tests.test_iter18_features.TestPublicStatusAndHeaders" name="test_health_has_security_headers" time="0.069" /><testcase classname="tests.test_iter18_features.TestPublicStatusAndHeaders" name="test_founder_health_has_security_headers" time="0.069" /><testcase classname="tests.test_iter18_features.TestPublicStatusAndHeaders" name="test_auth_login_failure_has_security_headers" time="0.069" /><testcase classname="tests.test_iter18_features.TestIdentityStitching" name="test_link_and_me_devices_basic" time="0.365" /><testcase classname="tests.test_iter18_features.TestIdentityStitching" name="test_link_idempotent" time="0.138" /><testcase classname="tests.test_iter18_features.TestIdentityStitching" name="test_link_requires_auth" time="0.065" /><testcase classname="tests.test_iter18_features.TestIdentityStitching" name="test_me_devices" time="0.068" /><testcase classname="tests.test_iter18_features.TestIdentityStitching" name="test_me_devices_requires_auth" time="0.073" /><testcase classname="tests.test_iter18_features.TestIdentityStitching" name="test_full_stitch_user_data" time="0.503" /><testcase classname="tests.test_iter18_features.TestIdentityStitching" name="test_audit_log_entry_after_link" time="0.728" /><testcase classname="tests.test_iter18_features.TestFounderIdentityStats" name="test_identity_stats_requires_founder" time="0.069" /><testcase classname="tests.test_iter18_features.TestFounderIdentityStats" name="test_identity_stats_shape" time="0.067" /><testcase classname="tests.test_iter18_features.TestAuthRateLimit" name="test_login_rate_limit_triggers_429" time="2.101" /><testcase classname="tests.test_iter18_features.TestAuthRateLimit" name="test_founder_login_unaffected_by_auth_limit" time="0.325" /><testcase classname="tests.test_iter18_features.TestIter17Regression" name="test_oauth_providers" time="0.073" /><testcase classname="tests.test_iter18_features.TestIter17Regression" name="test_apple_oauth_503_when_unset" time="0.065" /><testcase classname="tests.test_iter18_features.TestIter17Regression" name="test_microsoft_oauth_503_when_unset" time="0.066" /><testcase classname="tests.test_iter18_features.TestIter17Regression" name="test_storage_config" time="0.068" /><testcase classname="tests.test_iter18_features.TestIter17Regression" name="test_storage_presign_unconfigured" time="0.070" /><testcase classname="tests.test_iter18_features.TestIter17Regression" name="test_founder_health" time="0.065" /><testcase classname="tests.test_iter18_features.TestIter17Regression" name="test_founder_integrations_get" time="0.067" /><testcase classname="tests.test_iter18_features.TestIter17Regression" name="test_ws_stats" time="0.066" /><testcase classname="tests.test_iteration6_features.TestAuthBaseline" name="test_me" time="0.403" /><testcase classname="tests.test_iteration6_features.TestAuthBaseline" name="test_register_rejects_fake_tld" time="0.063" /><testcase classname="tests.test_iteration6_features.TestPasswordReset" name="test_full_flow" time="1.210" /><testcase classname="tests.test_iteration6_features.TestPasswordReset" name="test_unknown_email_returns_ok" time="0.461" /><testcase classname="tests.test_iteration6_features.TestPasswordReset" name="test_confirm_wrong_code_400" time="0.348" /><testcase classname="tests.test_iteration6_features.TestInvites" name="test_invite_lifecycle" time="0.828" /><testcase classname="tests.test_iteration6_features.TestInvites" name="test_staff_cannot_invite" time="0.407" /><testcase classname="tests.test_iteration6_features.TestDigest" name="test_preview_no_activity" time="0.346" /><testcase classname="tests.test_iteration6_features.TestDigest" name="test_send_persists_history" time="0.123" /><testcase classname="tests.test_iteration6_features.TestAIReconcileCache" name="test_cached_on_second_call" time="2.661" /><testcase classname="tests.test_iteration6_features.TestSubscriptionRegression" name="test_plans" time="0.058" /><testcase classname="tests.test_iteration6_features.TestSubscriptionRegression" name="test_subscription_shape" time="0.061" /><testcase classname="tests.test_iteration6_features.TestSubscriptionRegression" name="test_stripe_checkout_creation" time="0.480" /><testcase classname="tests.test_iteration6_features.TestEpraPrices" name="test_prices" time="0.063" /><testcase classname="tests.test_iteration6_features.TestSyncIsolation" name="test_user_a_not_seen_by_user_b" time="0.123" /><testcase classname="tests.test_iteration6_features.TestCatchAll" name="test_unknown_returns_stub" time="0.071" /><testcase classname="tests.test_iteration6_features.TestAuditEntries" name="test_ai_reconcile_in_audit" time="0.061" /><testcase classname="tests.test_iteration6_features.TestAuditEntries" name="test_digest_send_in_audit" time="0.063" /><testcase classname="tests.test_fuelpro_backend.TestHealth" name="test_root" time="0.139" /><testcase classname="tests.test_fuelpro_backend.TestHealth" name="test_health_pings_mongo" time="0.070" /><testcase classname="tests.test_fuelpro_backend.TestAuth" name="test_register_login_me" time="0.654" /><testcase classname="tests.test_fuelpro_backend.TestAuth" name="test_duplicate_register_409" time="0.061" /><testcase classname="tests.test_fuelpro_backend.TestAuth" name="test_login_wrong_password" time="0.306" /><testcase classname="tests.test_fuelpro_backend.TestAuth" name="test_me_no_token_401" time="0.070" /><testcase classname="tests.test_fuelpro_backend.TestPlans" name="test_list_plans" time="0.067" /><testcase classname="tests.test_fuelpro_backend.TestPlans" name="test_subscription_for_new_user" time="0.065" /><testcase classname="tests.test_fuelpro_backend.TestPlans" name="test_subscription_requires_auth" time="0.064" /><testcase classname="tests.test_fuelpro_backend.TestStripe" name="test_checkout_requires_auth" time="0.074" /><testcase classname="tests.test_fuelpro_backend.TestStripe" name="test_checkout_invalid_plan" time="0.069" /><testcase classname="tests.test_fuelpro_backend.TestStripe" name="test_checkout_pro_monthly" time="0.426" /><testcase classname="tests.test_fuelpro_backend.TestStripe" name="test_checkout_status_and_idempotency" time="0.607" /><testcase classname="tests.test_fuelpro_backend.TestStripe" name="test_checkout_status_unknown" time="0.188" /><testcase classname="tests.test_fuelpro_backend.TestMpesa" name="test_stk_push_requires_auth" time="0.069" /><testcase classname="tests.test_fuelpro_backend.TestMpesa" name="test_stk_push_mocked" time="0.075" /><testcase classname="tests.test_fuelpro_backend.TestMpesa" name="test_stk_push_invalid_phone" time="0.074" /><testcase classname="tests.test_fuelpro_backend.TestMpesa" name="test_stk_push_invalid_plan" time="0.067" /><testcase classname="tests.test_fuelpro_backend.TestMpesa" name="test_mpesa_status" time="0.065" /><testcase classname="tests.test_fuelpro_backend.TestMpesa" name="test_stk_callback_accepts_payload" time="0.208" /><testcase classname="tests.test_fuelpro_backend.TestCloudSync" name="test_sync_get_requires_auth" time="0.074" /><testcase classname="tests.test_fuelpro_backend.TestCloudSync" name="test_sync_sales_empty_then_save" time="0.136" /><testcase classname="tests.test_fuelpro_backend.TestCloudSync" name="test_sync_scoped_per_user" time="0.552" /><testcase classname="tests.test_fuelpro_backend.TestCloudSync" name="test_sync_unknown_collection" time="0.079" /><testcase classname="tests.test_fuelpro_backend.TestUserData" name="test_user_data_with_auth" time="0.127" /><testcase classname="tests.test_fuelpro_backend.TestUserData" name="test_user_data_x_user_id_fallback" time="0.237" /><testcase classname="tests.test_fuelpro_backend.TestFuelPrices" name="test_fuel_prices_current" time="0.079" /><testcase classname="tests.test_fuelpro_backend.TestAuditLog" name="test_audit_post_then_get" time="0.127" /><testcase classname="tests.test_fuelpro_backend.TestAuditLog" name="test_audit_requires_auth" time="0.060" /><testcase classname="tests.test_fuelpro_backend.TestReceiptVerify" name="test_unknown_receipt" time="0.066" /><testcase classname="tests.test_fuelpro_backend.TestCatchAll" name="test_unknown_get" time="0.065" /><testcase classname="tests.test_fuelpro_backend.TestCatchAll" name="test_unknown_post" time="0.067" /><testcase classname="tests.test_fuelpro_backend.TestTeamRoles" name="test_list_users_requires_auth" time="0.062" /><testcase classname="tests.test_fuelpro_backend.TestTeamRoles" name="test_owner_can_list_users" time="0.086" /><testcase classname="tests.test_fuelpro_backend.TestTeamRoles" name="test_role_patch_invalid_role" time="0.068" /><testcase classname="tests.test_fuelpro_backend.TestTeamRoles" name="test_role_patch_unknown_user" time="0.062" /><testcase classname="tests.test_fuelpro_backend.TestTeamRoles" name="test_role_patch_owner_can_change" time="0.129" /><testcase classname="tests.test_fuelpro_backend.TestTeamRoles" name="test_non_owner_forbidden_role_change" time="0.066" /><testcase classname="tests.test_fuelpro_backend.TestFounder" name="test_founder_login_with_default_password" time="0.287" /><testcase classname="tests.test_fuelpro_backend.TestFounder" name="test_founder_login_wrong_password" time="0.685" /><testcase classname="tests.test_fuelpro_backend.TestRoleSelfDemotion" name="test_last_owner_demotion_blocked" time="0.372" /><testcase classname="tests.test_push" name="test_public_key_is_returned" time="0.142" /><testcase classname="tests.test_push" name="test_subscribe_requires_auth" time="0.124" /><testcase classname="tests.test_push" name="test_unsubscribe_requires_auth" time="0.134" /><testcase classname="tests.test_push" name="test_test_endpoint_requires_auth" time="0.134" /><testcase classname="tests.test_push" name="test_authed_user_can_subscribe_and_list" time="0.583" /></testsuite></testsuites>