<?xml version="1.0" encoding="utf-8"?><testsuites name="pytest tests"><testsuite name="pytest" errors="0" failures="1" skipped="0" tests="40" time="13.723" timestamp="2026-05-20T08:32:39.808924+00:00" hostname="agent-env-9b8ca020-3cce-438d-bb45-05302a7de1ff"><testcase classname="backend.tests.test_fuelpro_backend.TestHealth" name="test_root" time="0.144" /><testcase classname="backend.tests.test_fuelpro_backend.TestHealth" name="test_health_pings_mongo" time="0.044" /><testcase classname="backend.tests.test_fuelpro_backend.TestAuth" name="test_register_login_me" time="0.612" /><testcase classname="backend.tests.test_fuelpro_backend.TestAuth" name="test_duplicate_register_409" time="0.042" /><testcase classname="backend.tests.test_fuelpro_backend.TestAuth" name="test_login_wrong_password" time="0.265" /><testcase classname="backend.tests.test_fuelpro_backend.TestAuth" name="test_me_no_token_401" time="0.044" /><testcase classname="backend.tests.test_fuelpro_backend.TestPlans" name="test_list_plans" time="0.043" /><testcase classname="backend.tests.test_fuelpro_backend.TestPlans" name="test_subscription_for_new_user" time="0.044" /><testcase classname="backend.tests.test_fuelpro_backend.TestPlans" name="test_subscription_requires_auth" time="0.043" /><testcase classname="backend.tests.test_fuelpro_backend.TestStripe" name="test_checkout_requires_auth" time="0.046" /><testcase classname="backend.tests.test_fuelpro_backend.TestStripe" name="test_checkout_invalid_plan" time="0.043" /><testcase classname="backend.tests.test_fuelpro_backend.TestStripe" name="test_checkout_pro_monthly" time="0.583" /><testcase classname="backend.tests.test_fuelpro_backend.TestStripe" name="test_checkout_status_and_idempotency" time="0.552"><failure message="AssertionError: assert 'pro' == 'free'&#10;  &#10;  - free&#10;  + pro">backend/tests/test_fuelpro_backend.py:172: in test_checkout_status_and_idempotency
    assert me["tier"] == "free"
E   AssertionError: assert 'pro' == 'free'
E     
E     - free
E     + pro</failure></testcase><testcase classname="backend.tests.test_fuelpro_backend.TestStripe" name="test_checkout_status_unknown" time="0.043" /><testcase classname="backend.tests.test_fuelpro_backend.TestMpesa" name="test_stk_push_requires_auth" time="0.050" /><testcase classname="backend.tests.test_fuelpro_backend.TestMpesa" name="test_stk_push_mocked" time="0.044" /><testcase classname="backend.tests.test_fuelpro_backend.TestMpesa" name="test_stk_push_invalid_phone" time="0.046" /><testcase classname="backend.tests.test_fuelpro_backend.TestMpesa" name="test_stk_push_invalid_plan" time="0.044" /><testcase classname="backend.tests.test_fuelpro_backend.TestMpesa" name="test_mpesa_status" time="0.043" /><testcase classname="backend.tests.test_fuelpro_backend.TestMpesa" name="test_stk_callback_accepts_payload" time="0.192" /><testcase classname="backend.tests.test_fuelpro_backend.TestCloudSync" name="test_sync_get_requires_auth" time="0.041" /><testcase classname="backend.tests.test_fuelpro_backend.TestCloudSync" name="test_sync_sales_empty_then_save" time="0.094" /><testcase classname="backend.tests.test_fuelpro_backend.TestCloudSync" name="test_sync_scoped_per_user" time="0.450" /><testcase classname="backend.tests.test_fuelpro_backend.TestCloudSync" name="test_sync_unknown_collection" time="0.042" /><testcase classname="backend.tests.test_fuelpro_backend.TestUserData" name="test_user_data_with_auth" time="0.094" /><testcase classname="backend.tests.test_fuelpro_backend.TestUserData" name="test_user_data_x_user_id_fallback" time="0.230" /><testcase classname="backend.tests.test_fuelpro_backend.TestFuelPrices" name="test_fuel_prices_current" time="8.112" /><testcase classname="backend.tests.test_fuelpro_backend.TestAuditLog" name="test_audit_post_then_get" time="0.088" /><testcase classname="backend.tests.test_fuelpro_backend.TestAuditLog" name="test_audit_requires_auth" time="0.045" /><testcase classname="backend.tests.test_fuelpro_backend.TestReceiptVerify" name="test_unknown_receipt" time="0.044" /><testcase classname="backend.tests.test_fuelpro_backend.TestCatchAll" name="test_unknown_get" time="0.044" /><testcase classname="backend.tests.test_fuelpro_backend.TestCatchAll" name="test_unknown_post" time="0.046" /><testcase classname="backend.tests.test_fuelpro_backend.TestTeamRoles" name="test_list_users_requires_auth" time="0.043" /><testcase classname="backend.tests.test_fuelpro_backend.TestTeamRoles" name="test_owner_can_list_users" time="0.045" /><testcase classname="backend.tests.test_fuelpro_backend.TestTeamRoles" name="test_role_patch_invalid_role" time="0.058" /><testcase classname="backend.tests.test_fuelpro_backend.TestTeamRoles" name="test_role_patch_unknown_user" time="0.047" /><testcase classname="backend.tests.test_fuelpro_backend.TestTeamRoles" name="test_role_patch_owner_can_change" time="0.108" /><testcase classname="backend.tests.test_fuelpro_backend.TestTeamRoles" name="test_non_owner_forbidden_role_change" time="0.044" /><testcase classname="backend.tests.test_fuelpro_backend.TestFounder" name="test_founder_login_with_default_password" time="0.269" /><testcase classname="backend.tests.test_fuelpro_backend.TestFounder" name="test_founder_login_wrong_password" time="0.667" /></testsuite></testsuites>