<?xml version="1.0" encoding="utf-8"?><testsuites name="pytest tests"><testsuite name="pytest" errors="0" failures="0" skipped="1" tests="26" time="24.953" timestamp="2026-05-20T13:41:36.735607+00:00" hostname="agent-env-9b8ca020-3cce-438d-bb45-05302a7de1ff"><testcase classname="backend.tests.test_iter17_features.TestOAuthProviders" name="test_oauth_providers_no_keys" time="0.655" /><testcase classname="backend.tests.test_iter17_features.TestOAuthProviders" name="test_apple_signin_unconfigured" time="0.056" /><testcase classname="backend.tests.test_iter17_features.TestOAuthProviders" name="test_microsoft_signin_unconfigured" time="0.046" /><testcase classname="backend.tests.test_iter17_features.TestOAuthProviders" name="test_apple_bogus_token_after_config" time="0.256" /><testcase classname="backend.tests.test_iter17_features.TestFounderIntegrationTests" name="test_apple_test_unset" time="0.120" /><testcase classname="backend.tests.test_iter17_features.TestFounderIntegrationTests" name="test_apple_test_set" time="0.142" /><testcase classname="backend.tests.test_iter17_features.TestFounderIntegrationTests" name="test_microsoft_test_flow" time="0.243" /><testcase classname="backend.tests.test_iter17_features.TestFounderIntegrationTests" name="test_s3_test_unconfigured" time="0.052" /><testcase classname="backend.tests.test_iter17_features.TestFounderIntegrationsCRUD" name="test_set_and_get_new_keys" time="0.491" /><testcase classname="backend.tests.test_iter17_features.TestStorage" name="test_storage_config" time="0.323" /><testcase classname="backend.tests.test_iter17_features.TestStorage" name="test_storage_presign_upload_unconfigured" time="0.048" /><testcase classname="backend.tests.test_iter17_features.TestStorage" name="test_storage_list_empty" time="0.047" /><testcase classname="backend.tests.test_iter17_features.TestWebSocket" name="test_ws_no_token_closes" time="0.237" /><testcase classname="backend.tests.test_iter17_features.TestWebSocket" name="test_ws_hello_and_no_self_echo" time="0.211"><skipped type="pytest.xfail" message="ws.py publish_to_user does not exclude sender — see action items" /></testcase><testcase classname="backend.tests.test_iter17_features.TestWebSocket" name="test_ws_two_sockets_fanout" time="0.487" /><testcase classname="backend.tests.test_iter17_features.TestWebSocket" name="test_ws_sync_updated_on_post" time="0.254" /><testcase classname="backend.tests.test_iter17_features.TestWebSocket" name="test_ws_founder_broadcast" time="0.228" /><testcase classname="backend.tests.test_iter17_features.TestWsStats" name="test_ws_stats" time="0.049" /><testcase classname="backend.tests.test_iter17_features.TestRegression" name="test_founder_login" time="0.273" /><testcase classname="backend.tests.test_iter17_features.TestRegression" name="test_auth_register_login_me" time="0.581" /><testcase classname="backend.tests.test_iter17_features.TestRegression" name="test_audit_log_endpoint" time="0.048" /><testcase classname="backend.tests.test_iter17_features.TestRegression" name="test_subscription_endpoint" time="0.055" /><testcase classname="backend.tests.test_iter17_features.TestRegression" name="test_fuel_prices" time="8.069" /><testcase classname="backend.tests.test_iter17_features.TestRegression" name="test_digest_preview" time="0.046" /><testcase classname="backend.tests.test_iter17_features.TestRegression" name="test_invites_list" time="0.045" /><testcase classname="backend.tests.test_iter17_features.TestRegression" name="test_ai_reconcile" time="11.751" /></testsuite></testsuites>