<?xml version="1.0" encoding="utf-8"?><testsuites name="pytest tests"><testsuite name="pytest" errors="0" failures="0" skipped="0" tests="24" time="8.936" timestamp="2026-05-20T14:07:40.774236+00:00" hostname="agent-env-9b8ca020-3cce-438d-bb45-05302a7de1ff"><testcase classname="backend.tests.test_iter18_features.TestPublicStatusAndHeaders" name="test_status_endpoint_public_no_auth" time="0.249" /><testcase classname="backend.tests.test_iter18_features.TestPublicStatusAndHeaders" name="test_status_has_security_headers" time="0.045" /><testcase classname="backend.tests.test_iter18_features.TestPublicStatusAndHeaders" name="test_health_has_security_headers" time="0.053" /><testcase classname="backend.tests.test_iter18_features.TestPublicStatusAndHeaders" name="test_founder_health_has_security_headers" time="0.046" /><testcase classname="backend.tests.test_iter18_features.TestPublicStatusAndHeaders" name="test_auth_login_failure_has_security_headers" time="0.051" /><testcase classname="backend.tests.test_iter18_features.TestIdentityStitching" name="test_link_and_me_devices_basic" time="0.352" /><testcase classname="backend.tests.test_iter18_features.TestIdentityStitching" name="test_link_idempotent" time="0.102" /><testcase classname="backend.tests.test_iter18_features.TestIdentityStitching" name="test_link_requires_auth" time="0.044" /><testcase classname="backend.tests.test_iter18_features.TestIdentityStitching" name="test_me_devices" time="0.047" /><testcase classname="backend.tests.test_iter18_features.TestIdentityStitching" name="test_me_devices_requires_auth" time="0.050" /><testcase classname="backend.tests.test_iter18_features.TestIdentityStitching" name="test_full_stitch_user_data" time="0.420" /><testcase classname="backend.tests.test_iter18_features.TestIdentityStitching" name="test_audit_log_entry_after_link" time="0.664" /><testcase classname="backend.tests.test_iter18_features.TestFounderIdentityStats" name="test_identity_stats_requires_founder" time="0.046" /><testcase classname="backend.tests.test_iter18_features.TestFounderIdentityStats" name="test_identity_stats_shape" time="0.046" /><testcase classname="backend.tests.test_iter18_features.TestAuthRateLimit" name="test_login_rate_limit_triggers_429" time="0.947" /><testcase classname="backend.tests.test_iter18_features.TestAuthRateLimit" name="test_founder_login_unaffected_by_auth_limit" time="0.275" /><testcase classname="backend.tests.test_iter18_features.TestIter17Regression" name="test_oauth_providers" time="0.047" /><testcase classname="backend.tests.test_iter18_features.TestIter17Regression" name="test_apple_oauth_503_when_unset" time="0.046" /><testcase classname="backend.tests.test_iter18_features.TestIter17Regression" name="test_microsoft_oauth_503_when_unset" time="0.045" /><testcase classname="backend.tests.test_iter18_features.TestIter17Regression" name="test_storage_config" time="0.045" /><testcase classname="backend.tests.test_iter18_features.TestIter17Regression" name="test_storage_presign_unconfigured" time="0.048" /><testcase classname="backend.tests.test_iter18_features.TestIter17Regression" name="test_founder_health" time="5.070" /><testcase classname="backend.tests.test_iter18_features.TestIter17Regression" name="test_founder_integrations_get" time="0.047" /><testcase classname="backend.tests.test_iter18_features.TestIter17Regression" name="test_ws_stats" time="0.043" /></testsuite></testsuites>