<?xml version="1.0" encoding="utf-8"?><testsuites name="pytest tests"><testsuite name="pytest" errors="0" failures="0" skipped="0" tests="5" time="1.117" timestamp="2026-05-20T20:53:10.178760+00:00" hostname="agent-env-9b8ca020-3cce-438d-bb45-05302a7de1ff"><testcase classname="backend.tests.test_push" name="test_public_key_is_returned" time="0.141" /><testcase classname="backend.tests.test_push" name="test_subscribe_requires_auth" time="0.115" /><testcase classname="backend.tests.test_push" name="test_unsubscribe_requires_auth" time="0.129" /><testcase classname="backend.tests.test_push" name="test_test_endpoint_requires_auth" time="0.104" /><testcase classname="backend.tests.test_push" name="test_authed_user_can_subscribe_and_list" time="0.615" /></testsuite></testsuites>