<?xml version="1.0" encoding="utf-8"?><testsuites name="pytest tests"><testsuite name="pytest" errors="0" failures="1" skipped="0" tests="18" time="9.758" timestamp="2026-05-17T16:38:31.635529+00:00" hostname="agent-env-9b8ca020-3cce-438d-bb45-05302a7de1ff"><testcase classname="backend.tests.test_iteration6_features.TestAuthBaseline" name="test_me" time="0.645" /><testcase classname="backend.tests.test_iteration6_features.TestAuthBaseline" name="test_register_rejects_fake_tld" time="0.056" /><testcase classname="backend.tests.test_iteration6_features.TestPasswordReset" name="test_full_flow" time="1.199" /><testcase classname="backend.tests.test_iteration6_features.TestPasswordReset" name="test_unknown_email_returns_ok" time="0.048" /><testcase classname="backend.tests.test_iteration6_features.TestPasswordReset" name="test_confirm_wrong_code_400" time="0.323" /><testcase classname="backend.tests.test_iteration6_features.TestInvites" name="test_invite_lifecycle" time="0.753" /><testcase classname="backend.tests.test_iteration6_features.TestInvites" name="test_staff_cannot_invite" time="0.369" /><testcase classname="backend.tests.test_iteration6_features.TestDigest" name="test_preview_no_activity" time="0.324" /><testcase classname="backend.tests.test_iteration6_features.TestDigest" name="test_send_persists_history" time="0.110" /><testcase classname="backend.tests.test_iteration6_features.TestAIReconcileCache" name="test_cached_on_second_call" time="2.900" /><testcase classname="backend.tests.test_iteration6_features.TestSubscriptionRegression" name="test_plans" time="0.047" /><testcase classname="backend.tests.test_iteration6_features.TestSubscriptionRegression" name="test_subscription_shape" time="0.052" /><testcase classname="backend.tests.test_iteration6_features.TestSubscriptionRegression" name="test_stripe_checkout_creation" time="0.592" /><testcase classname="backend.tests.test_iteration6_features.TestEpraPrices" name="test_prices" time="1.779" /><testcase classname="backend.tests.test_iteration6_features.TestSyncIsolation" name="test_user_a_not_seen_by_user_b" time="0.108" /><testcase classname="backend.tests.test_iteration6_features.TestCatchAll" name="test_unknown_returns_stub" time="0.048" /><testcase classname="backend.tests.test_iteration6_features.TestAuditEntries" name="test_ai_reconcile_in_audit" time="0.055" /><testcase classname="backend.tests.test_iteration6_features.TestAuditEntries" name="test_digest_send_in_audit" time="0.046"><failure message="AssertionError: BUG: /api/digest/send does NOT write digest.send to audit_log. Actions seen for user_b: {'user.register'}&#10;assert 'digest.send' in ['user.register']">backend/tests/test_iteration6_features.py:355: in test_digest_send_in_audit
    assert "digest.send" in actions, (
E   AssertionError: BUG: /api/digest/send does NOT write digest.send to audit_log. Actions seen for user_b: {'user.register'}
E   assert 'digest.send' in ['user.register']</failure></testcase></testsuite></testsuites>