<?xml version="1.0" encoding="utf-8"?><testsuites name="pytest tests"><testsuite name="pytest" errors="0" failures="0" skipped="4" tests="38" time="20.176" timestamp="2026-05-20T13:19:15.849846+00:00" hostname="agent-env-9b8ca020-3cce-438d-bb45-05302a7de1ff"><testcase classname="backend.tests.test_iter16_sweep.TestFounderLogin" name="test_login_returns_token" time="0.505" /><testcase classname="backend.tests.test_iter16_sweep.TestFounderIntegrations" name="test_list_integrations" time="0.072" /><testcase classname="backend.tests.test_iter16_sweep.TestFounderIntegrations" name="test_save_resend_key" time="0.069" /><testcase classname="backend.tests.test_iter16_sweep.TestFounderIntegrations" name="test_save_stripe_key" time="0.153" /><testcase classname="backend.tests.test_iter16_sweep.TestFounderIntegrations" name="test_delete_resend_key" time="0.071" /><testcase classname="backend.tests.test_iter16_sweep.TestFounderIntegrations" name="test_integration_test_endpoint[stripe]" time="0.071" /><testcase classname="backend.tests.test_iter16_sweep.TestFounderIntegrations" name="test_integration_test_endpoint[resend]" time="0.075" /><testcase classname="backend.tests.test_iter16_sweep.TestFounderIntegrations" name="test_integration_test_endpoint[twilio]" time="0.079" /><testcase classname="backend.tests.test_iter16_sweep.TestFounderIntegrations" name="test_integration_test_endpoint[daraja]" time="0.069" /><testcase classname="backend.tests.test_iter16_sweep.TestFounderOps" name="test_audit" time="0.074" /><testcase classname="backend.tests.test_iter16_sweep.TestFounderOps" name="test_system_stats" time="0.087" /><testcase classname="backend.tests.test_iter16_sweep.TestFounderOps" name="test_broadcast" time="0.081" /><testcase classname="backend.tests.test_iter16_sweep.TestFounderOps" name="test_extend_trial" time="0.434" /><testcase classname="backend.tests.test_iter16_sweep.TestFounderOps" name="test_grant_subscription" time="0.071" /><testcase classname="backend.tests.test_iter16_sweep.TestHealthWatchdog" name="test_health_refresh" time="5.091" /><testcase classname="backend.tests.test_iter16_sweep.TestHealthWatchdog" name="test_health_history" time="0.066" /><testcase classname="backend.tests.test_iter16_sweep.TestStandard" name="test_plans" time="0.061" /><testcase classname="backend.tests.test_iter16_sweep.TestStandard" name="test_fuel_prices" time="8.092" /><testcase classname="backend.tests.test_iter16_sweep.TestStandard" name="test_unknown_receipt" time="0.144" /><testcase classname="backend.tests.test_iter16_sweep.TestStandard" name="test_mpesa_mocked" time="0.070" /><testcase classname="backend.tests.test_iter16_sweep.TestStandard" name="test_stripe_checkout" time="0.617" /><testcase classname="backend.tests.test_iter16_sweep.TestSync" name="test_sync_each_collection[sales]" time="0.129" /><testcase classname="backend.tests.test_iter16_sweep.TestSync" name="test_sync_each_collection[deliveries]" time="0.152" /><testcase classname="backend.tests.test_iter16_sweep.TestSync" name="test_sync_each_collection[expenses]" time="0.143" /><testcase classname="backend.tests.test_iter16_sweep.TestSync" name="test_sync_each_collection[inventory]" time="0.132" /><testcase classname="backend.tests.test_iter16_sweep.TestSync" name="test_sync_each_collection[shifts]" time="0.064"><skipped type="pytest.skip" message="shifts not in allowed collections (got 400)">/app/backend/tests/test_iter16_sweep.py:208: shifts not in allowed collections (got 400)</skipped></testcase><testcase classname="backend.tests.test_iter16_sweep.TestSync" name="test_sync_each_collection[invoices]" time="0.177" /><testcase classname="backend.tests.test_iter16_sweep.TestSync" name="test_sync_each_collection[customers]" time="0.069"><skipped type="pytest.skip" message="customers not in allowed collections (got 400)">/app/backend/tests/test_iter16_sweep.py:208: customers not in allowed collections (got 400)</skipped></testcase><testcase classname="backend.tests.test_iter16_sweep.TestSync" name="test_sync_each_collection[fuel_types]" time="0.070"><skipped type="pytest.skip" message="fuel_types not in allowed collections (got 400)">/app/backend/tests/test_iter16_sweep.py:208: fuel_types not in allowed collections (got 400)</skipped></testcase><testcase classname="backend.tests.test_iter16_sweep.TestSync" name="test_user_data" time="0.132" /><testcase classname="backend.tests.test_iter16_sweep.TestInvites" name="test_create_list_invite" time="0.262" /><testcase classname="backend.tests.test_iter16_sweep.TestLoyalty" name="test_config" time="0.071" /><testcase classname="backend.tests.test_iter16_sweep.TestLoyalty" name="test_stamp_redeem" time="0.068" /><testcase classname="backend.tests.test_iter16_sweep.TestBulkImport" name="test_bulk_import[sales]" time="0.066" /><testcase classname="backend.tests.test_iter16_sweep.TestBulkImport" name="test_bulk_import[deliveries]" time="0.066" /><testcase classname="backend.tests.test_iter16_sweep.TestBulkImport" name="test_bulk_import[expenses]" time="0.081" /><testcase classname="backend.tests.test_iter16_sweep.TestAI" name="test_ai_reconcile_cached" time="2.327" /><testcase classname="backend.tests.test_iter16_sweep.TestFounderDeleteGuard" name="test_cannot_delete_last_owner" time="0.004"><skipped type="pytest.skip" message="need exactly 1 owner, have 111">/app/backend/tests/test_iter16_sweep.py:294: need exactly 1 owner, have 111</skipped></testcase></testsuite></testsuites>