<?xml version="1.0" encoding="utf-8"?><testsuites name="pytest tests"><testsuite name="pytest" errors="0" failures="2" skipped="0" tests="18" time="8.754" timestamp="2026-05-20T08:33:00.133419+00:00" hostname="agent-env-9b8ca020-3cce-438d-bb45-05302a7de1ff"><testcase classname="backend.tests.test_iteration6_features.TestAuthBaseline" name="test_me" time="0.388" /><testcase classname="backend.tests.test_iteration6_features.TestAuthBaseline" name="test_register_rejects_fake_tld" time="0.041" /><testcase classname="backend.tests.test_iteration6_features.TestPasswordReset" name="test_full_flow" time="0.333"><failure message="AssertionError: delivery={}&#10;assert None == 'no_key'&#10; +  where None = &lt;built-in method get of dict object at 0xfb0956063d00&gt;('skipped')&#10; +    where &lt;built-in method get of dict object at 0xfb0956063d00&gt; = {}.get">E   AssertionError: delivery={}
    assert None == 'no_key'
     +  where None = &lt;built-in method get of dict object at 0xfb0956063d00&gt;('skipped')
     +    where &lt;built-in method get of dict object at 0xfb0956063d00&gt; = {}.get</failure></testcase><testcase classname="backend.tests.test_iteration6_features.TestPasswordReset" name="test_unknown_email_returns_ok" time="0.446" /><testcase classname="backend.tests.test_iteration6_features.TestPasswordReset" name="test_confirm_wrong_code_400" time="0.309" /><testcase classname="backend.tests.test_iteration6_features.TestInvites" name="test_invite_lifecycle" time="0.827" /><testcase classname="backend.tests.test_iteration6_features.TestInvites" name="test_staff_cannot_invite" time="0.362" /><testcase classname="backend.tests.test_iteration6_features.TestDigest" name="test_preview_no_activity" time="0.314" /><testcase classname="backend.tests.test_iteration6_features.TestDigest" name="test_send_persists_history" time="0.086" /><testcase classname="backend.tests.test_iteration6_features.TestAIReconcileCache" name="test_cached_on_second_call" time="4.718" /><testcase classname="backend.tests.test_iteration6_features.TestSubscriptionRegression" name="test_plans" time="0.042" /><testcase classname="backend.tests.test_iteration6_features.TestSubscriptionRegression" name="test_subscription_shape" time="0.042" /><testcase classname="backend.tests.test_iteration6_features.TestSubscriptionRegression" name="test_stripe_checkout_creation" time="0.459" /><testcase classname="backend.tests.test_iteration6_features.TestEpraPrices" name="test_prices" time="0.043" /><testcase classname="backend.tests.test_iteration6_features.TestSyncIsolation" name="test_user_a_not_seen_by_user_b" time="0.088" /><testcase classname="backend.tests.test_iteration6_features.TestCatchAll" name="test_unknown_returns_stub" time="0.043"><failure message="assert 404 == 200&#10; +  where 404 = &lt;Response [404]&gt;.status_code">E   assert 404 == 200
     +  where 404 = &lt;Response [404]&gt;.status_code</failure></testcase><testcase classname="backend.tests.test_iteration6_features.TestAuditEntries" name="test_ai_reconcile_in_audit" time="0.042" /><testcase classname="backend.tests.test_iteration6_features.TestAuditEntries" name="test_digest_send_in_audit" time="0.043" /></testsuite></testsuites>