<?xml version="1.0" encoding="utf-8"?><testsuites name="pytest tests"><testsuite name="pytest" errors="0" failures="0" skipped="1" tests="32" time="13.311" timestamp="2026-05-17T15:07:40.465969+00:00" hostname="agent-env-9b8ca020-3cce-438d-bb45-05302a7de1ff"><testcase classname="backend.tests.test_fuelpro_backend.TestHealth" name="test_root" time="1.280" /><testcase classname="backend.tests.test_fuelpro_backend.TestHealth" name="test_health_pings_mongo" time="0.308" /><testcase classname="backend.tests.test_fuelpro_backend.TestAuth" name="test_register_login_me" time="1.267" /><testcase classname="backend.tests.test_fuelpro_backend.TestAuth" name="test_duplicate_register_409" time="0.077" /><testcase classname="backend.tests.test_fuelpro_backend.TestAuth" name="test_login_wrong_password" time="0.528" /><testcase classname="backend.tests.test_fuelpro_backend.TestAuth" name="test_me_no_token_401" time="0.066" /><testcase classname="backend.tests.test_fuelpro_backend.TestPlans" name="test_list_plans" time="0.071" /><testcase classname="backend.tests.test_fuelpro_backend.TestPlans" name="test_subscription_for_new_user" time="0.067" /><testcase classname="backend.tests.test_fuelpro_backend.TestPlans" name="test_subscription_requires_auth" time="0.062" /><testcase classname="backend.tests.test_fuelpro_backend.TestStripe" name="test_checkout_requires_auth" time="0.067" /><testcase classname="backend.tests.test_fuelpro_backend.TestStripe" name="test_checkout_invalid_plan" time="0.064" /><testcase classname="backend.tests.test_fuelpro_backend.TestStripe" name="test_checkout_pro_monthly" time="0.637" /><testcase classname="backend.tests.test_fuelpro_backend.TestStripe" name="test_checkout_status_and_idempotency" time="0.310"><skipped type="pytest.xfail" message="Stripe status query failed: 502 {&quot;detail&quot;:&quot;Stripe status query failed: Failed to retrieve session status: Request req_NS88LlZqrVEIWF: No such checkout.session: cs_test_a1PV9XxNDP0nDpXFfRXaMNuOXlpamLsVMlHLxDONFAqCVvDEG3EUhOLRlc&quot;}" /></testcase><testcase classname="backend.tests.test_fuelpro_backend.TestStripe" name="test_checkout_status_unknown" time="0.471" /><testcase classname="backend.tests.test_fuelpro_backend.TestMpesa" name="test_stk_push_requires_auth" time="0.330" /><testcase classname="backend.tests.test_fuelpro_backend.TestMpesa" name="test_stk_push_mocked" time="0.069" /><testcase classname="backend.tests.test_fuelpro_backend.TestMpesa" name="test_stk_push_invalid_phone" time="0.310" /><testcase classname="backend.tests.test_fuelpro_backend.TestMpesa" name="test_stk_push_invalid_plan" time="3.617" /><testcase classname="backend.tests.test_fuelpro_backend.TestMpesa" name="test_mpesa_status" time="0.073" /><testcase classname="backend.tests.test_fuelpro_backend.TestMpesa" name="test_stk_callback_accepts_payload" time="0.261" /><testcase classname="backend.tests.test_fuelpro_backend.TestCloudSync" name="test_sync_get_requires_auth" time="0.064" /><testcase classname="backend.tests.test_fuelpro_backend.TestCloudSync" name="test_sync_sales_empty_then_save" time="0.140" /><testcase classname="backend.tests.test_fuelpro_backend.TestCloudSync" name="test_sync_scoped_per_user" time="0.953" /><testcase classname="backend.tests.test_fuelpro_backend.TestCloudSync" name="test_sync_unknown_collection" time="0.899" /><testcase classname="backend.tests.test_fuelpro_backend.TestUserData" name="test_user_data_with_auth" time="0.126" /><testcase classname="backend.tests.test_fuelpro_backend.TestUserData" name="test_user_data_x_user_id_fallback" time="0.605" /><testcase classname="backend.tests.test_fuelpro_backend.TestFuelPrices" name="test_fuel_prices_current" time="0.067" /><testcase classname="backend.tests.test_fuelpro_backend.TestAuditLog" name="test_audit_post_then_get" time="0.115" /><testcase classname="backend.tests.test_fuelpro_backend.TestAuditLog" name="test_audit_requires_auth" time="0.055" /><testcase classname="backend.tests.test_fuelpro_backend.TestReceiptVerify" name="test_unknown_receipt" time="0.063" /><testcase classname="backend.tests.test_fuelpro_backend.TestCatchAll" name="test_unknown_get_returns_stub" time="0.060" /><testcase classname="backend.tests.test_fuelpro_backend.TestCatchAll" name="test_unknown_post_returns_stub" time="0.052" /></testsuite></testsuites>